2019-09-06 10:39:34.027  INFO 18768 --- [Thread-3] o.s.a.r.l.SimpleMessageListenerContainer : Waiting for workers to finish.
2019-09-06 10:39:34.923  INFO 18768 --- [Thread-3] o.s.a.r.l.SimpleMessageListenerContainer : Successfully waited for workers to finish.
2019-09-06 10:39:34.935  INFO 18768 --- [Thread-3] o.s.a.r.l.SimpleMessageListenerContainer : Shutdown ignored - container is not active already
2019-09-06 10:39:34.941  INFO 18768 --- [Thread-3] o.s.s.concurrent.ThreadPoolTaskExecutor  : Shutting down ExecutorService 'applicationTaskExecutor'
2019-09-06 10:39:34.957  INFO 18768 --- [Thread-3] org.mongodb.driver.connection            : Closed connection [connectionId{localValue:2, serverValue:21}] to localhost:27017 because the pool has been closed.
2019-09-06 10:40:32.243 DEBUG 4732 --- [background-preinit] .h.v.m.ResourceBundleMessageInterpolator : Loaded expression factory via original TCCL
2019-09-06 10:40:33.212  INFO 4732 --- [main] c.kalpesh.gharte.login.LoginApplication  : Starting LoginApplication on DESKTOP-B1KFIDC with PID 4732 (C:\Kalpesh\Spring\Microservice\login\target\classes started by KalpeshGharte in C:\Kalpesh\Spring\Microservice\login)
2019-09-06 10:40:33.262  INFO 4732 --- [main] c.kalpesh.gharte.login.LoginApplication  : No active profile set, falling back to default profiles: default
2019-09-06 10:40:36.963  INFO 4732 --- [main] .s.d.r.c.RepositoryConfigurationDelegate : Bootstrapping Spring Data repositories in DEFAULT mode.
2019-09-06 10:40:37.175  INFO 4732 --- [main] .s.d.r.c.RepositoryConfigurationDelegate : Finished Spring Data repository scanning in 184ms. Found 1 repository interfaces.
2019-09-06 10:40:41.394  INFO 4732 --- [main] o.s.b.w.embedded.tomcat.TomcatWebServer  : Tomcat initialized with port(s): 8099 (http)
2019-09-06 10:40:41.591  INFO 4732 --- [main] o.apache.catalina.core.StandardService   : Starting service [Tomcat]
2019-09-06 10:40:41.697  INFO 4732 --- [main] org.apache.catalina.core.StandardEngine  : Starting Servlet engine: [Apache Tomcat/9.0.22]
2019-09-06 10:40:42.269  INFO 4732 --- [main] o.a.c.c.C.[Tomcat].[localhost].[/]       : Initializing Spring embedded WebApplicationContext
2019-09-06 10:40:42.320  INFO 4732 --- [main] o.s.web.context.ContextLoader            : Root WebApplicationContext: initialization completed in 8931 ms
2019-09-06 10:40:46.486  INFO 4732 --- [main] org.mongodb.driver.cluster               : Cluster created with settings {hosts=[localhost:27017], mode=MULTIPLE, requiredClusterType=UNKNOWN, serverSelectionTimeout='30000 ms', maxWaitQueueSize=500}
2019-09-06 10:40:46.492  INFO 4732 --- [main] org.mongodb.driver.cluster               : Adding discovered server localhost:27017 to client view of cluster
2019-09-06 10:40:46.783  INFO 4732 --- [cluster-ClusterId{value='5d71ea5630fa37127c51e6bd', description='null'}-localhost:27017] org.mongodb.driver.connection            : Opened connection [connectionId{localValue:1, serverValue:22}] to localhost:27017
2019-09-06 10:40:46.801  INFO 4732 --- [cluster-ClusterId{value='5d71ea5630fa37127c51e6bd', description='null'}-localhost:27017] org.mongodb.driver.cluster               : Monitor thread successfully connected to server with description ServerDescription{address=localhost:27017, type=STANDALONE, state=CONNECTED, ok=true, version=ServerVersion{versionList=[3, 4, 20]}, minWireVersion=0, maxWireVersion=5, maxDocumentSize=16777216, logicalSessionTimeoutMinutes=null, roundTripTimeNanos=2822800}
2019-09-06 10:40:46.874  INFO 4732 --- [cluster-ClusterId{value='5d71ea5630fa37127c51e6bd', description='null'}-localhost:27017] org.mongodb.driver.cluster               : Discovered cluster type of STANDALONE
2019-09-06 10:40:51.015  INFO 4732 --- [main] o.s.s.concurrent.ThreadPoolTaskExecutor  : Initializing ExecutorService 'applicationTaskExecutor'
2019-09-06 10:40:52.323  INFO 4732 --- [main] o.s.a.r.c.CachingConnectionFactory       : Attempting to connect to: [localhost:5672]
2019-09-06 10:40:52.572  INFO 4732 --- [main] o.s.a.r.c.CachingConnectionFactory       : Created new connection: rabbitConnectionFactory#6d9adc89:0/SimpleConnection@693912a8 [delegate=amqp://guest@127.0.0.1:5672/, localPort= 49287]
2019-09-06 10:40:52.924  INFO 4732 --- [main] o.s.b.w.embedded.tomcat.TomcatWebServer  : Tomcat started on port(s): 8099 (http) with context path ''
2019-09-06 10:40:52.936  INFO 4732 --- [main] c.kalpesh.gharte.login.LoginApplication  : Started LoginApplication in 22.453 seconds (JVM running for 68.444)
2019-09-06 11:51:02.296 ERROR 4732 --- [AMQP Connection 127.0.0.1:5672] o.s.a.r.c.CachingConnectionFactory       : Channel shutdown: connection error; protocol method: #method<connection.close>(reply-code=320, reply-text=CONNECTION_FORCED - broker forced connection closure with reason 'shutdown', class-id=0, method-id=0)
2019-09-06 11:51:02.393  WARN 4732 --- [AMQP Connection 127.0.0.1:5672] c.r.c.impl.ForgivingExceptionHandler     : An unexpected connection driver error occured (Exception message: Connection reset)
2019-09-06 11:51:02.520  INFO 4732 --- [org.springframework.amqp.rabbit.RabbitListenerEndpointContainer#0-1] o.s.a.r.l.SimpleMessageListenerContainer : Restarting Consumer@7969e84f: tags=[[amq.ctag-wbownc1dPT13zcAw2Xh0Iw]], channel=Cached Rabbit Channel: AMQChannel(amqp://guest@127.0.0.1:5672/,1), conn: Proxy@e99867 Shared Rabbit Connection: SimpleConnection@693912a8 [delegate=amqp://guest@127.0.0.1:5672/, localPort= 49287], acknowledgeMode=AUTO local queue size=0
2019-09-06 11:51:02.554  INFO 4732 --- [org.springframework.amqp.rabbit.RabbitListenerEndpointContainer#0-2] o.s.a.r.c.CachingConnectionFactory       : Attempting to connect to: [localhost:5672]
2019-09-06 11:51:09.635  WARN 4732 --- [org.springframework.amqp.rabbit.RabbitListenerEndpointContainer#0-2] o.s.a.r.l.SimpleMessageListenerContainer : Consumer raised exception, processing can restart if the connection factory supports it. Exception summary: org.springframework.amqp.AmqpConnectException: java.net.ConnectException: Connection refused: connect
2019-09-06 11:51:09.646  INFO 4732 --- [org.springframework.amqp.rabbit.RabbitListenerEndpointContainer#0-2] o.s.a.r.l.SimpleMessageListenerContainer : Restarting Consumer@777a6cb: tags=[[]], channel=null, acknowledgeMode=AUTO local queue size=0
2019-09-06 11:51:09.662  INFO 4732 --- [org.springframework.amqp.rabbit.RabbitListenerEndpointContainer#0-3] o.s.a.r.c.CachingConnectionFactory       : Attempting to connect to: [localhost:5672]
2019-09-06 11:51:16.724  WARN 4732 --- [org.springframework.amqp.rabbit.RabbitListenerEndpointContainer#0-3] o.s.a.r.l.SimpleMessageListenerContainer : Consumer raised exception, processing can restart if the connection factory supports it. Exception summary: org.springframework.amqp.AmqpConnectException: java.net.ConnectException: Connection refused: connect
2019-09-06 11:51:16.727  INFO 4732 --- [org.springframework.amqp.rabbit.RabbitListenerEndpointContainer#0-3] o.s.a.r.l.SimpleMessageListenerContainer : Restarting Consumer@4db26eb6: tags=[[]], channel=null, acknowledgeMode=AUTO local queue size=0
2019-09-06 11:51:16.736  INFO 4732 --- [org.springframework.amqp.rabbit.RabbitListenerEndpointContainer#0-4] o.s.a.r.c.CachingConnectionFactory       : Attempting to connect to: [localhost:5672]
2019-09-06 11:51:24.032  WARN 4732 --- [org.springframework.amqp.rabbit.RabbitListenerEndpointContainer#0-4] o.s.a.r.l.SimpleMessageListenerContainer : Consumer raised exception, processing can restart if the connection factory supports it. Exception summary: org.springframework.amqp.AmqpConnectException: java.net.ConnectException: Connection refused: connect
2019-09-06 11:51:24.035  INFO 4732 --- [org.springframework.amqp.rabbit.RabbitListenerEndpointContainer#0-4] o.s.a.r.l.SimpleMessageListenerContainer : Restarting Consumer@14f84736: tags=[[]], channel=null, acknowledgeMode=AUTO local queue size=0
2019-09-06 11:51:24.039  INFO 4732 --- [org.springframework.amqp.rabbit.RabbitListenerEndpointContainer#0-5] o.s.a.r.c.CachingConnectionFactory       : Attempting to connect to: [localhost:5672]
2019-09-06 11:51:31.063  WARN 4732 --- [org.springframework.amqp.rabbit.RabbitListenerEndpointContainer#0-5] o.s.a.r.l.SimpleMessageListenerContainer : Consumer raised exception, processing can restart if the connection factory supports it. Exception summary: org.springframework.amqp.AmqpConnectException: java.net.ConnectException: Connection refused: connect
2019-09-06 11:51:31.067  INFO 4732 --- [org.springframework.amqp.rabbit.RabbitListenerEndpointContainer#0-5] o.s.a.r.l.SimpleMessageListenerContainer : Restarting Consumer@760baf46: tags=[[]], channel=null, acknowledgeMode=AUTO local queue size=0
2019-09-06 11:51:31.071  INFO 4732 --- [org.springframework.amqp.rabbit.RabbitListenerEndpointContainer#0-6] o.s.a.r.c.CachingConnectionFactory       : Attempting to connect to: [localhost:5672]
2019-09-06 11:51:38.125  WARN 4732 --- [org.springframework.amqp.rabbit.RabbitListenerEndpointContainer#0-6] o.s.a.r.l.SimpleMessageListenerContainer : Consumer raised exception, processing can restart if the connection factory supports it. Exception summary: org.springframework.amqp.AmqpConnectException: java.net.ConnectException: Connection refused: connect
2019-09-06 11:51:38.130  INFO 4732 --- [org.springframework.amqp.rabbit.RabbitListenerEndpointContainer#0-6] o.s.a.r.l.SimpleMessageListenerContainer : Restarting Consumer@17349397: tags=[[]], channel=null, acknowledgeMode=AUTO local queue size=0
2019-09-06 11:51:38.134  INFO 4732 --- [org.springframework.amqp.rabbit.RabbitListenerEndpointContainer#0-7] o.s.a.r.c.CachingConnectionFactory       : Attempting to connect to: [localhost:5672]
2019-09-06 11:51:45.160  WARN 4732 --- [org.springframework.amqp.rabbit.RabbitListenerEndpointContainer#0-7] o.s.a.r.l.SimpleMessageListenerContainer : Consumer raised exception, processing can restart if the connection factory supports it. Exception summary: org.springframework.amqp.AmqpConnectException: java.net.ConnectException: Connection refused: connect
2019-09-06 11:51:45.163  INFO 4732 --- [org.springframework.amqp.rabbit.RabbitListenerEndpointContainer#0-7] o.s.a.r.l.SimpleMessageListenerContainer : Restarting Consumer@8d92356: tags=[[]], channel=null, acknowledgeMode=AUTO local queue size=0
2019-09-06 11:51:45.166  INFO 4732 --- [org.springframework.amqp.rabbit.RabbitListenerEndpointContainer#0-8] o.s.a.r.c.CachingConnectionFactory       : Attempting to connect to: [localhost:5672]
2019-09-06 11:51:52.242  WARN 4732 --- [org.springframework.amqp.rabbit.RabbitListenerEndpointContainer#0-8] o.s.a.r.l.SimpleMessageListenerContainer : Consumer raised exception, processing can restart if the connection factory supports it. Exception summary: org.springframework.amqp.AmqpConnectException: java.net.ConnectException: Connection refused: connect
2019-09-06 11:51:52.250  INFO 4732 --- [org.springframework.amqp.rabbit.RabbitListenerEndpointContainer#0-8] o.s.a.r.l.SimpleMessageListenerContainer : Restarting Consumer@5cfdbedc: tags=[[]], channel=null, acknowledgeMode=AUTO local queue size=0
2019-09-06 11:51:52.259  INFO 4732 --- [org.springframework.amqp.rabbit.RabbitListenerEndpointContainer#0-9] o.s.a.r.c.CachingConnectionFactory       : Attempting to connect to: [localhost:5672]
2019-09-06 11:51:59.342  WARN 4732 --- [org.springframework.amqp.rabbit.RabbitListenerEndpointContainer#0-9] o.s.a.r.l.SimpleMessageListenerContainer : Consumer raised exception, processing can restart if the connection factory supports it. Exception summary: org.springframework.amqp.AmqpConnectException: java.net.ConnectException: Connection refused: connect
2019-09-06 11:51:59.354  INFO 4732 --- [org.springframework.amqp.rabbit.RabbitListenerEndpointContainer#0-9] o.s.a.r.l.SimpleMessageListenerContainer : Restarting Consumer@5cbdb87e: tags=[[]], channel=null, acknowledgeMode=AUTO local queue size=0
2019-09-06 11:51:59.371  INFO 4732 --- [org.springframework.amqp.rabbit.RabbitListenerEndpointContainer#0-10] o.s.a.r.c.CachingConnectionFactory       : Attempting to connect to: [localhost:5672]
2019-09-06 11:52:06.422  WARN 4732 --- [org.springframework.amqp.rabbit.RabbitListenerEndpointContainer#0-10] o.s.a.r.l.SimpleMessageListenerContainer : Consumer raised exception, processing can restart if the connection factory supports it. Exception summary: org.springframework.amqp.AmqpConnectException: java.net.ConnectException: Connection refused: connect
2019-09-06 11:52:06.443  INFO 4732 --- [org.springframework.amqp.rabbit.RabbitListenerEndpointContainer#0-10] o.s.a.r.l.SimpleMessageListenerContainer : Restarting Consumer@2dbbec71: tags=[[]], channel=null, acknowledgeMode=AUTO local queue size=0
2019-09-06 11:52:06.506  INFO 4732 --- [org.springframework.amqp.rabbit.RabbitListenerEndpointContainer#0-11] o.s.a.r.c.CachingConnectionFactory       : Attempting to connect to: [localhost:5672]
2019-09-06 11:52:13.536  WARN 4732 --- [org.springframework.amqp.rabbit.RabbitListenerEndpointContainer#0-11] o.s.a.r.l.SimpleMessageListenerContainer : Consumer raised exception, processing can restart if the connection factory supports it. Exception summary: org.springframework.amqp.AmqpConnectException: java.net.ConnectException: Connection refused: connect
2019-09-06 11:52:13.544  INFO 4732 --- [org.springframework.amqp.rabbit.RabbitListenerEndpointContainer#0-11] o.s.a.r.l.SimpleMessageListenerContainer : Restarting Consumer@160015df: tags=[[]], channel=null, acknowledgeMode=AUTO local queue size=0
2019-09-06 11:52:13.548  INFO 4732 --- [org.springframework.amqp.rabbit.RabbitListenerEndpointContainer#0-12] o.s.a.r.c.CachingConnectionFactory       : Attempting to connect to: [localhost:5672]
2019-09-06 11:52:20.598  WARN 4732 --- [org.springframework.amqp.rabbit.RabbitListenerEndpointContainer#0-12] o.s.a.r.l.SimpleMessageListenerContainer : Consumer raised exception, processing can restart if the connection factory supports it. Exception summary: org.springframework.amqp.AmqpConnectException: java.net.ConnectException: Connection refused: connect
2019-09-06 11:52:20.618  INFO 4732 --- [org.springframework.amqp.rabbit.RabbitListenerEndpointContainer#0-12] o.s.a.r.l.SimpleMessageListenerContainer : Restarting Consumer@6e310668: tags=[[]], channel=null, acknowledgeMode=AUTO local queue size=0
2019-09-06 11:52:20.653  INFO 4732 --- [org.springframework.amqp.rabbit.RabbitListenerEndpointContainer#0-13] o.s.a.r.c.CachingConnectionFactory       : Attempting to connect to: [localhost:5672]
2019-09-06 11:52:27.728  WARN 4732 --- [org.springframework.amqp.rabbit.RabbitListenerEndpointContainer#0-13] o.s.a.r.l.SimpleMessageListenerContainer : Consumer raised exception, processing can restart if the connection factory supports it. Exception summary: org.springframework.amqp.AmqpConnectException: java.net.ConnectException: Connection refused: connect
2019-09-06 11:52:27.733  INFO 4732 --- [org.springframework.amqp.rabbit.RabbitListenerEndpointContainer#0-13] o.s.a.r.l.SimpleMessageListenerContainer : Restarting Consumer@5a14994d: tags=[[]], channel=null, acknowledgeMode=AUTO local queue size=0
2019-09-06 11:52:27.745  INFO 4732 --- [org.springframework.amqp.rabbit.RabbitListenerEndpointContainer#0-14] o.s.a.r.c.CachingConnectionFactory       : Attempting to connect to: [localhost:5672]
2019-09-06 11:52:34.787  WARN 4732 --- [org.springframework.amqp.rabbit.RabbitListenerEndpointContainer#0-14] o.s.a.r.l.SimpleMessageListenerContainer : Consumer raised exception, processing can restart if the connection factory supports it. Exception summary: org.springframework.amqp.AmqpConnectException: java.net.ConnectException: Connection refused: connect
2019-09-06 11:52:34.790  INFO 4732 --- [org.springframework.amqp.rabbit.RabbitListenerEndpointContainer#0-14] o.s.a.r.l.SimpleMessageListenerContainer : Restarting Consumer@31ba5864: tags=[[]], channel=null, acknowledgeMode=AUTO local queue size=0
2019-09-06 11:52:34.794  INFO 4732 --- [org.springframework.amqp.rabbit.RabbitListenerEndpointContainer#0-15] o.s.a.r.c.CachingConnectionFactory       : Attempting to connect to: [localhost:5672]
2019-09-06 11:52:41.813  WARN 4732 --- [org.springframework.amqp.rabbit.RabbitListenerEndpointContainer#0-15] o.s.a.r.l.SimpleMessageListenerContainer : Consumer raised exception, processing can restart if the connection factory supports it. Exception summary: org.springframework.amqp.AmqpConnectException: java.net.ConnectException: Connection refused: connect
2019-09-06 11:52:41.816  INFO 4732 --- [org.springframework.amqp.rabbit.RabbitListenerEndpointContainer#0-15] o.s.a.r.l.SimpleMessageListenerContainer : Restarting Consumer@2c3d1491: tags=[[]], channel=null, acknowledgeMode=AUTO local queue size=0
2019-09-06 11:52:41.818  INFO 4732 --- [org.springframework.amqp.rabbit.RabbitListenerEndpointContainer#0-16] o.s.a.r.c.CachingConnectionFactory       : Attempting to connect to: [localhost:5672]
2019-09-06 11:52:48.837  WARN 4732 --- [org.springframework.amqp.rabbit.RabbitListenerEndpointContainer#0-16] o.s.a.r.l.SimpleMessageListenerContainer : Consumer raised exception, processing can restart if the connection factory supports it. Exception summary: org.springframework.amqp.AmqpConnectException: java.net.ConnectException: Connection refused: connect
2019-09-06 11:52:48.841  INFO 4732 --- [org.springframework.amqp.rabbit.RabbitListenerEndpointContainer#0-16] o.s.a.r.l.SimpleMessageListenerContainer : Restarting Consumer@6a3e8d72: tags=[[]], channel=null, acknowledgeMode=AUTO local queue size=0
2019-09-06 11:52:48.843  INFO 4732 --- [org.springframework.amqp.rabbit.RabbitListenerEndpointContainer#0-17] o.s.a.r.c.CachingConnectionFactory       : Attempting to connect to: [localhost:5672]
2019-09-06 11:52:55.916  WARN 4732 --- [org.springframework.amqp.rabbit.RabbitListenerEndpointContainer#0-17] o.s.a.r.l.SimpleMessageListenerContainer : Consumer raised exception, processing can restart if the connection factory supports it. Exception summary: org.springframework.amqp.AmqpConnectException: java.net.ConnectException: Connection refused: connect
2019-09-06 11:52:55.943  INFO 4732 --- [org.springframework.amqp.rabbit.RabbitListenerEndpointContainer#0-17] o.s.a.r.l.SimpleMessageListenerContainer : Restarting Consumer@4a5fc058: tags=[[]], channel=null, acknowledgeMode=AUTO local queue size=0
2019-09-06 11:52:56.063  INFO 4732 --- [org.springframework.amqp.rabbit.RabbitListenerEndpointContainer#0-18] o.s.a.r.c.CachingConnectionFactory       : Attempting to connect to: [localhost:5672]
2019-09-06 11:53:03.189  WARN 4732 --- [org.springframework.amqp.rabbit.RabbitListenerEndpointContainer#0-18] o.s.a.r.l.SimpleMessageListenerContainer : Consumer raised exception, processing can restart if the connection factory supports it. Exception summary: org.springframework.amqp.AmqpConnectException: java.net.ConnectException: Connection refused: connect
2019-09-06 11:53:03.200  INFO 4732 --- [org.springframework.amqp.rabbit.RabbitListenerEndpointContainer#0-18] o.s.a.r.l.SimpleMessageListenerContainer : Restarting Consumer@5e0462a4: tags=[[]], channel=null, acknowledgeMode=AUTO local queue size=0
2019-09-06 11:53:03.209  INFO 4732 --- [org.springframework.amqp.rabbit.RabbitListenerEndpointContainer#0-19] o.s.a.r.c.CachingConnectionFactory       : Attempting to connect to: [localhost:5672]
2019-09-06 11:53:10.678  WARN 4732 --- [org.springframework.amqp.rabbit.RabbitListenerEndpointContainer#0-19] o.s.a.r.l.SimpleMessageListenerContainer : Consumer raised exception, processing can restart if the connection factory supports it. Exception summary: org.springframework.amqp.AmqpConnectException: java.net.ConnectException: Connection refused: connect
2019-09-06 11:53:10.681  INFO 4732 --- [org.springframework.amqp.rabbit.RabbitListenerEndpointContainer#0-19] o.s.a.r.l.SimpleMessageListenerContainer : Restarting Consumer@77ceff0b: tags=[[]], channel=null, acknowledgeMode=AUTO local queue size=0
2019-09-06 11:53:10.694  INFO 4732 --- [org.springframework.amqp.rabbit.RabbitListenerEndpointContainer#0-20] o.s.a.r.c.CachingConnectionFactory       : Attempting to connect to: [localhost:5672]
2019-09-06 11:53:18.114  WARN 4732 --- [org.springframework.amqp.rabbit.RabbitListenerEndpointContainer#0-20] o.s.a.r.l.SimpleMessageListenerContainer : Consumer raised exception, processing can restart if the connection factory supports it. Exception summary: org.springframework.amqp.AmqpConnectException: java.net.ConnectException: Connection refused: connect
2019-09-06 11:53:18.144  INFO 4732 --- [org.springframework.amqp.rabbit.RabbitListenerEndpointContainer#0-20] o.s.a.r.l.SimpleMessageListenerContainer : Restarting Consumer@243a5ac1: tags=[[]], channel=null, acknowledgeMode=AUTO local queue size=0
2019-09-06 11:53:18.176  INFO 4732 --- [org.springframework.amqp.rabbit.RabbitListenerEndpointContainer#0-21] o.s.a.r.c.CachingConnectionFactory       : Attempting to connect to: [localhost:5672]
2019-09-06 11:53:25.451  WARN 4732 --- [org.springframework.amqp.rabbit.RabbitListenerEndpointContainer#0-21] o.s.a.r.l.SimpleMessageListenerContainer : Consumer raised exception, processing can restart if the connection factory supports it. Exception summary: org.springframework.amqp.AmqpConnectException: java.net.ConnectException: Connection refused: connect
2019-09-06 11:53:25.464  INFO 4732 --- [org.springframework.amqp.rabbit.RabbitListenerEndpointContainer#0-21] o.s.a.r.l.SimpleMessageListenerContainer : Restarting Consumer@5973a38d: tags=[[]], channel=null, acknowledgeMode=AUTO local queue size=0
2019-09-06 11:53:25.472  INFO 4732 --- [org.springframework.amqp.rabbit.RabbitListenerEndpointContainer#0-22] o.s.a.r.c.CachingConnectionFactory       : Attempting to connect to: [localhost:5672]
2019-09-06 11:53:32.500  WARN 4732 --- [org.springframework.amqp.rabbit.RabbitListenerEndpointContainer#0-22] o.s.a.r.l.SimpleMessageListenerContainer : Consumer raised exception, processing can restart if the connection factory supports it. Exception summary: org.springframework.amqp.AmqpConnectException: java.net.ConnectException: Connection refused: connect
2019-09-06 11:53:32.504  INFO 4732 --- [org.springframework.amqp.rabbit.RabbitListenerEndpointContainer#0-22] o.s.a.r.l.SimpleMessageListenerContainer : Restarting Consumer@1c5f2d55: tags=[[]], channel=null, acknowledgeMode=AUTO local queue size=0
2019-09-06 11:53:32.508  INFO 4732 --- [org.springframework.amqp.rabbit.RabbitListenerEndpointContainer#0-23] o.s.a.r.c.CachingConnectionFactory       : Attempting to connect to: [localhost:5672]
2019-09-06 11:53:39.765  WARN 4732 --- [org.springframework.amqp.rabbit.RabbitListenerEndpointContainer#0-23] o.s.a.r.l.SimpleMessageListenerContainer : Consumer raised exception, processing can restart if the connection factory supports it. Exception summary: org.springframework.amqp.AmqpConnectException: java.net.ConnectException: Connection refused: connect
2019-09-06 11:53:39.830  INFO 4732 --- [org.springframework.amqp.rabbit.RabbitListenerEndpointContainer#0-23] o.s.a.r.l.SimpleMessageListenerContainer : Restarting Consumer@3e30c660: tags=[[]], channel=null, acknowledgeMode=AUTO local queue size=0
2019-09-06 11:53:39.879  INFO 4732 --- [org.springframework.amqp.rabbit.RabbitListenerEndpointContainer#0-24] o.s.a.r.c.CachingConnectionFactory       : Attempting to connect to: [localhost:5672]
2019-09-06 11:53:46.910  WARN 4732 --- [org.springframework.amqp.rabbit.RabbitListenerEndpointContainer#0-24] o.s.a.r.l.SimpleMessageListenerContainer : Consumer raised exception, processing can restart if the connection factory supports it. Exception summary: org.springframework.amqp.AmqpConnectException: java.net.ConnectException: Connection refused: connect
2019-09-06 11:53:46.915  INFO 4732 --- [org.springframework.amqp.rabbit.RabbitListenerEndpointContainer#0-24] o.s.a.r.l.SimpleMessageListenerContainer : Restarting Consumer@39b1def1: tags=[[]], channel=null, acknowledgeMode=AUTO local queue size=0
2019-09-06 11:53:46.923  INFO 4732 --- [org.springframework.amqp.rabbit.RabbitListenerEndpointContainer#0-25] o.s.a.r.c.CachingConnectionFactory       : Attempting to connect to: [localhost:5672]
2019-09-06 11:53:53.952  WARN 4732 --- [org.springframework.amqp.rabbit.RabbitListenerEndpointContainer#0-25] o.s.a.r.l.SimpleMessageListenerContainer : Consumer raised exception, processing can restart if the connection factory supports it. Exception summary: org.springframework.amqp.AmqpConnectException: java.net.ConnectException: Connection refused: connect
2019-09-06 11:53:53.955  INFO 4732 --- [org.springframework.amqp.rabbit.RabbitListenerEndpointContainer#0-25] o.s.a.r.l.SimpleMessageListenerContainer : Restarting Consumer@2c78a4fd: tags=[[]], channel=null, acknowledgeMode=AUTO local queue size=0
2019-09-06 11:53:53.957  INFO 4732 --- [org.springframework.amqp.rabbit.RabbitListenerEndpointContainer#0-26] o.s.a.r.c.CachingConnectionFactory       : Attempting to connect to: [localhost:5672]
2019-09-06 11:54:00.987  WARN 4732 --- [org.springframework.amqp.rabbit.RabbitListenerEndpointContainer#0-26] o.s.a.r.l.SimpleMessageListenerContainer : Consumer raised exception, processing can restart if the connection factory supports it. Exception summary: org.springframework.amqp.AmqpConnectException: java.net.ConnectException: Connection refused: connect
2019-09-06 11:54:00.995  INFO 4732 --- [org.springframework.amqp.rabbit.RabbitListenerEndpointContainer#0-26] o.s.a.r.l.SimpleMessageListenerContainer : Restarting Consumer@2fdefbeb: tags=[[]], channel=null, acknowledgeMode=AUTO local queue size=0
2019-09-06 11:54:01.004  INFO 4732 --- [org.springframework.amqp.rabbit.RabbitListenerEndpointContainer#0-27] o.s.a.r.c.CachingConnectionFactory       : Attempting to connect to: [localhost:5672]
2019-09-06 11:54:08.156  WARN 4732 --- [org.springframework.amqp.rabbit.RabbitListenerEndpointContainer#0-27] o.s.a.r.l.SimpleMessageListenerContainer : Consumer raised exception, processing can restart if the connection factory supports it. Exception summary: org.springframework.amqp.AmqpConnectException: java.net.ConnectException: Connection refused: connect
2019-09-06 11:54:08.159  INFO 4732 --- [org.springframework.amqp.rabbit.RabbitListenerEndpointContainer#0-27] o.s.a.r.l.SimpleMessageListenerContainer : Restarting Consumer@1fde901c: tags=[[]], channel=null, acknowledgeMode=AUTO local queue size=0
2019-09-06 11:54:08.163  INFO 4732 --- [org.springframework.amqp.rabbit.RabbitListenerEndpointContainer#0-28] o.s.a.r.c.CachingConnectionFactory       : Attempting to connect to: [localhost:5672]
2019-09-06 11:54:15.208  WARN 4732 --- [org.springframework.amqp.rabbit.RabbitListenerEndpointContainer#0-28] o.s.a.r.l.SimpleMessageListenerContainer : Consumer raised exception, processing can restart if the connection factory supports it. Exception summary: org.springframework.amqp.AmqpConnectException: java.net.ConnectException: Connection refused: connect
2019-09-06 11:54:15.211  INFO 4732 --- [org.springframework.amqp.rabbit.RabbitListenerEndpointContainer#0-28] o.s.a.r.l.SimpleMessageListenerContainer : Restarting Consumer@e9b03f9: tags=[[]], channel=null, acknowledgeMode=AUTO local queue size=0
2019-09-06 11:54:15.214  INFO 4732 --- [org.springframework.amqp.rabbit.RabbitListenerEndpointContainer#0-29] o.s.a.r.c.CachingConnectionFactory       : Attempting to connect to: [localhost:5672]
2019-09-06 11:54:22.380  WARN 4732 --- [org.springframework.amqp.rabbit.RabbitListenerEndpointContainer#0-29] o.s.a.r.l.SimpleMessageListenerContainer : Consumer raised exception, processing can restart if the connection factory supports it. Exception summary: org.springframework.amqp.AmqpConnectException: java.net.ConnectException: Connection refused: connect
2019-09-06 11:54:22.385  INFO 4732 --- [org.springframework.amqp.rabbit.RabbitListenerEndpointContainer#0-29] o.s.a.r.l.SimpleMessageListenerContainer : Restarting Consumer@2859ef07: tags=[[]], channel=null, acknowledgeMode=AUTO local queue size=0
2019-09-06 11:54:22.388  INFO 4732 --- [org.springframework.amqp.rabbit.RabbitListenerEndpointContainer#0-30] o.s.a.r.c.CachingConnectionFactory       : Attempting to connect to: [localhost:5672]
2019-09-06 11:54:29.406  WARN 4732 --- [org.springframework.amqp.rabbit.RabbitListenerEndpointContainer#0-30] o.s.a.r.l.SimpleMessageListenerContainer : Consumer raised exception, processing can restart if the connection factory supports it. Exception summary: org.springframework.amqp.AmqpConnectException: java.net.ConnectException: Connection refused: connect
2019-09-06 11:54:29.411  INFO 4732 --- [org.springframework.amqp.rabbit.RabbitListenerEndpointContainer#0-30] o.s.a.r.l.SimpleMessageListenerContainer : Restarting Consumer@6c371ede: tags=[[]], channel=null, acknowledgeMode=AUTO local queue size=0
2019-09-06 11:54:29.416  INFO 4732 --- [org.springframework.amqp.rabbit.RabbitListenerEndpointContainer#0-31] o.s.a.r.c.CachingConnectionFactory       : Attempting to connect to: [localhost:5672]
2019-09-06 11:54:36.468  WARN 4732 --- [org.springframework.amqp.rabbit.RabbitListenerEndpointContainer#0-31] o.s.a.r.l.SimpleMessageListenerContainer : Consumer raised exception, processing can restart if the connection factory supports it. Exception summary: org.springframework.amqp.AmqpConnectException: java.net.ConnectException: Connection refused: connect
2019-09-06 11:54:36.472  INFO 4732 --- [org.springframework.amqp.rabbit.RabbitListenerEndpointContainer#0-31] o.s.a.r.l.SimpleMessageListenerContainer : Restarting Consumer@5524264c: tags=[[]], channel=null, acknowledgeMode=AUTO local queue size=0
2019-09-06 11:54:36.475  INFO 4732 --- [org.springframework.amqp.rabbit.RabbitListenerEndpointContainer#0-32] o.s.a.r.c.CachingConnectionFactory       : Attempting to connect to: [localhost:5672]
2019-09-06 11:54:36.524  INFO 4732 --- [org.springframework.amqp.rabbit.RabbitListenerEndpointContainer#0-32] o.s.a.r.c.CachingConnectionFactory       : Created new connection: rabbitConnectionFactory#6d9adc89:31/SimpleConnection@3aaeb4da [delegate=amqp://guest@127.0.0.1:5672/, localPort= 52474]
2019-09-06 11:55:56.548  INFO 4732 --- [org.springframework.amqp.rabbit.RabbitListenerEndpointContainer#0-32] org.mongodb.driver.connection            : Opened connection [connectionId{localValue:2, serverValue:27}] to localhost:27017
2019-09-06 14:04:06.991  INFO 4732 --- [Thread-3] o.s.a.r.l.SimpleMessageListenerContainer : Waiting for workers to finish.
2019-09-06 14:04:07.212  INFO 4732 --- [Thread-3] o.s.a.r.l.SimpleMessageListenerContainer : Successfully waited for workers to finish.
2019-09-06 14:04:07.440  INFO 4732 --- [Thread-3] o.s.a.r.l.SimpleMessageListenerContainer : Shutdown ignored - container is not active already
2019-09-06 14:04:07.483  INFO 4732 --- [Thread-3] o.s.s.concurrent.ThreadPoolTaskExecutor  : Shutting down ExecutorService 'applicationTaskExecutor'
2019-09-06 14:04:07.555  INFO 4732 --- [Thread-3] org.mongodb.driver.connection            : Closed connection [connectionId{localValue:2, serverValue:27}] to localhost:27017 because the pool has been closed.
2019-09-06 14:05:11.664  INFO 18844 --- [main] c.kalpesh.gharte.login.LoginApplication  : Starting LoginApplication on DESKTOP-B1KFIDC with PID 18844 (C:\Kalpesh\Spring\Microservice\login\target\classes started by KalpeshGharte in C:\Kalpesh\Spring\Microservice\login)
2019-09-06 14:05:11.671  INFO 18844 --- [main] c.kalpesh.gharte.login.LoginApplication  : No active profile set, falling back to default profiles: default
2019-09-06 14:05:13.353  INFO 18844 --- [main] .s.d.r.c.RepositoryConfigurationDelegate : Bootstrapping Spring Data repositories in DEFAULT mode.
2019-09-06 14:05:13.488  INFO 18844 --- [main] .s.d.r.c.RepositoryConfigurationDelegate : Finished Spring Data repository scanning in 120ms. Found 1 repository interfaces.
2019-09-06 14:05:15.466  INFO 18844 --- [main] o.s.b.w.embedded.tomcat.TomcatWebServer  : Tomcat initialized with port(s): 8099 (http)
2019-09-06 14:05:15.524  INFO 18844 --- [main] o.apache.catalina.core.StandardService   : Starting service [Tomcat]
2019-09-06 14:05:15.526  INFO 18844 --- [main] org.apache.catalina.core.StandardEngine  : Starting Servlet engine: [Apache Tomcat/9.0.22]
2019-09-06 14:05:15.708  INFO 18844 --- [main] o.a.c.c.C.[Tomcat].[localhost].[/]       : Initializing Spring embedded WebApplicationContext
2019-09-06 14:05:15.711  INFO 18844 --- [main] o.s.web.context.ContextLoader            : Root WebApplicationContext: initialization completed in 3920 ms
2019-09-06 14:05:17.216  INFO 18844 --- [main] org.mongodb.driver.cluster               : Cluster created with settings {hosts=[localhost:27017], mode=MULTIPLE, requiredClusterType=UNKNOWN, serverSelectionTimeout='30000 ms', maxWaitQueueSize=500}
2019-09-06 14:05:17.219  INFO 18844 --- [main] org.mongodb.driver.cluster               : Adding discovered server localhost:27017 to client view of cluster
2019-09-06 14:05:17.377  INFO 18844 --- [cluster-ClusterId{value='5d721a4530fa37499cf7418e', description='null'}-localhost:27017] org.mongodb.driver.connection            : Opened connection [connectionId{localValue:1, serverValue:28}] to localhost:27017
2019-09-06 14:05:17.387  INFO 18844 --- [cluster-ClusterId{value='5d721a4530fa37499cf7418e', description='null'}-localhost:27017] org.mongodb.driver.cluster               : Monitor thread successfully connected to server with description ServerDescription{address=localhost:27017, type=STANDALONE, state=CONNECTED, ok=true, version=ServerVersion{versionList=[3, 4, 20]}, minWireVersion=0, maxWireVersion=5, maxDocumentSize=16777216, logicalSessionTimeoutMinutes=null, roundTripTimeNanos=2153200}
2019-09-06 14:05:17.396  INFO 18844 --- [cluster-ClusterId{value='5d721a4530fa37499cf7418e', description='null'}-localhost:27017] org.mongodb.driver.cluster               : Discovered cluster type of STANDALONE
2019-09-06 14:05:18.561  INFO 18844 --- [main] o.s.s.concurrent.ThreadPoolTaskExecutor  : Initializing ExecutorService 'applicationTaskExecutor'
2019-09-06 14:05:19.235  INFO 18844 --- [main] o.s.a.r.c.CachingConnectionFactory       : Attempting to connect to: [localhost:5672]
2019-09-06 14:05:19.363  INFO 18844 --- [main] o.s.a.r.c.CachingConnectionFactory       : Created new connection: rabbitConnectionFactory#26e85a4c:0/SimpleConnection@26284de8 [delegate=amqp://guest@127.0.0.1:5672/, localPort= 51600]
2019-09-06 14:05:19.547  INFO 18844 --- [main] o.s.b.w.embedded.tomcat.TomcatWebServer  : Tomcat started on port(s): 8099 (http) with context path ''
2019-09-06 14:05:19.560  INFO 18844 --- [main] c.kalpesh.gharte.login.LoginApplication  : Started LoginApplication in 9.021 seconds (JVM running for 66.868)
2019-09-06 14:05:29.507  INFO 18844 --- [org.springframework.amqp.rabbit.RabbitListenerEndpointContainer#0-1] org.mongodb.driver.connection            : Opened connection [connectionId{localValue:2, serverValue:29}] to localhost:27017
